TN:
SF:script/Counter.s.sol
FN:7,CounterScript.setUp
FNDA:0,CounterScript.setUp
FN:9,CounterScript.run
FNDA:0,CounterScript.run
DA:10,0
DA:10,0
FNF:2
FNH:0
LF:1
LH:0
BRF:0
BRH:0
end_of_record
TN:
SF:src/RMM.sol
FN:99,RMM.init
FNDA:0,RMM.init
DA:111,0
DA:111,0
DA:112,0
DA:112,0
DA:113,0
DA:113,0
DA:114,0
DA:114,0
DA:115,0
DA:115,0
DA:116,0
DA:116,0
DA:117,0
DA:117,0
DA:118,0
DA:118,0
DA:119,0
DA:119,0
DA:120,0
DA:120,0
DA:121,0
DA:121,0
DA:122,0
DA:122,0
DA:129,0
DA:129,0
DA:129,0
DA:130,0
DA:130,0
DA:130,0
DA:130,0
BRDA:130,0,0,-
BRDA:130,0,1,-
DA:130,0
DA:132,0
DA:132,0
DA:133,0
DA:133,0
DA:133,0
DA:133,0
BRDA:133,1,0,-
BRDA:133,1,1,-
DA:133,0
DA:135,0
DA:135,0
DA:136,0
DA:136,0
DA:138,0
DA:138,0
FN:154,RMM.adjust
FNDA:0,RMM.adjust
DA:155,0
DA:155,0
DA:156,0
DA:156,0
BRDA:156,2,0,-
BRDA:156,2,1,-
DA:156,0
DA:157,0
DA:157,0
BRDA:157,3,0,-
BRDA:157,3,1,-
DA:157,0
DA:158,0
DA:158,0
BRDA:158,4,0,-
BRDA:158,4,1,-
DA:158,0
DA:159,0
DA:159,0
BRDA:159,5,0,-
BRDA:159,5,1,-
DA:159,0
FN:163,RMM._adjust
FNDA:1,RMM._adjust
DA:164,1
DA:164,1
DA:165,1
DA:165,1
DA:166,1
DA:166,1
FN:170,RMM.swapX
FNDA:1,RMM.swapX
DA:175,1
DA:175,1
DA:175,1
DA:176,1
DA:176,1
DA:176,1
DA:177,1
DA:177,1
DA:178,1
DA:178,1
DA:179,1
DA:179,1
DA:180,1
DA:180,1
DA:181,1
DA:181,1
DA:183,1
DA:183,1
DA:184,1
DA:184,1
BRDA:184,6,0,-
BRDA:184,6,1,1
DA:185,0
DA:185,0
DA:188,1
DA:188,1
DA:190,1
DA:190,1
DA:191,1
DA:191,1
DA:192,1
DA:192,1
FN:195,RMM.swapY
FNDA:0,RMM.swapY
DA:200,0
DA:200,0
DA:200,0
DA:201,0
DA:201,0
DA:201,0
DA:202,0
DA:202,0
DA:202,0
DA:203,0
DA:203,0
DA:204,0
DA:204,0
DA:206,0
DA:206,0
DA:207,0
DA:207,0
BRDA:207,7,0,-
BRDA:207,7,1,-
DA:208,0
DA:208,0
DA:211,0
DA:211,0
DA:213,0
DA:213,0
DA:214,0
DA:214,0
DA:215,0
DA:215,0
FN:218,RMM.allocate
FNDA:0,RMM.allocate
DA:223,0
DA:223,0
DA:223,0
DA:224,0
DA:224,0
DA:224,0
DA:227,0
DA:227,0
DA:228,0
DA:228,0
BRDA:228,8,0,-
BRDA:228,8,1,-
DA:229,0
DA:229,0
DA:231,0
DA:231,0
DA:232,0
DA:232,0
DA:233,0
DA:233,0
FN:236,RMM.deallocate
FNDA:0,RMM.deallocate
DA:241,0
DA:241,0
DA:241,0
DA:242,0
DA:242,0
DA:242,0
DA:243,0
DA:243,0
DA:243,0
DA:244,0
DA:244,0
DA:245,0
DA:245,0
DA:246,0
DA:246,0
DA:246,0
DA:246,0
BRDA:246,9,0,-
BRDA:246,9,1,-
DA:247,0
DA:247,0
DA:249,0
DA:249,0
DA:250,0
DA:250,0
DA:251,0
DA:251,0
FN:258,RMM._debit
FNDA:1,RMM._debit
DA:259,1
DA:259,1
DA:259,1
DA:260,1
DA:260,1
DA:260,1
DA:262,1
DA:262,1
BRDA:262,10,0,-
BRDA:262,10,1,1
DA:263,1
DA:263,1
BRDA:263,11,0,-
BRDA:263,11,1,1
DA:264,0
DA:264,0
DA:267,0
DA:267,0
BRDA:267,12,0,-
BRDA:267,12,1,-
DA:268,0
DA:268,0
DA:272,1
DA:272,1
DA:272,1
DA:272,1
DA:273,1
DA:273,1
BRDA:273,13,0,-
BRDA:273,13,1,1
DA:274,0
DA:274,0
FN:279,RMM._credit
FNDA:1,RMM._credit
DA:280,1
DA:280,1
DA:280,1
DA:281,1
DA:281,1
DA:281,1
DA:284,1
DA:284,1
BRDA:284,14,0,-
BRDA:284,14,1,1
DA:285,0
DA:285,0
DA:288,1
DA:288,1
DA:288,1
DA:288,1
DA:289,1
DA:289,1
BRDA:289,15,0,-
BRDA:289,15,1,1
DA:290,0
DA:290,0
FN:295,RMM._scalar
FNDA:2,RMM._scalar
DA:296,2
DA:296,2
DA:296,2
DA:297,2
DA:297,2
DA:297,2
DA:298,2
DA:298,2
DA:298,2
DA:298,2
FN:302,RMM._balanceNative
FNDA:4,RMM._balanceNative
DA:303,4
DA:303,4
DA:304,4
DA:304,4
DA:305,4
DA:305,4
DA:305,4
DA:305,4
BRDA:305,16,0,-
BRDA:305,16,1,4
DA:305,0
DA:306,4
DA:306,4
DA:306,4
FN:312,RMM.lastTau
FNDA:10,RMM.lastTau
DA:313,27
DA:313,27
BRDA:313,17,0,-
BRDA:313,17,1,27
DA:314,0
DA:314,0
DA:317,27
DA:317,27
DA:317,27
FN:321,RMM.currentTau
FNDA:0,RMM.currentTau
DA:322,1
DA:322,1
BRDA:322,18,0,-
BRDA:322,18,1,1
DA:323,0
DA:323,0
DA:326,1
DA:326,1
DA:326,1
FN:330,RMM.tradingFunction
FNDA:8,RMM.tradingFunction
DA:331,12
DA:331,12
DA:331,12
FN:335,RMM.computeTradingFunction
FNDA:0,RMM.computeTradingFunction
DA:343,32
DA:343,32
DA:343,32
DA:343,32
DA:344,32
DA:344,32
DA:344,32
DA:344,32
BRDA:344,19,0,-
BRDA:344,19,1,32
DA:345,0
DA:345,0
DA:348,32
DA:348,32
DA:348,32
DA:348,32
DA:349,32
DA:349,32
DA:349,32
DA:349,32
BRDA:349,20,0,-
BRDA:349,20,1,32
DA:350,0
DA:350,0
DA:353,32
DA:353,32
DA:353,32
DA:354,32
DA:354,32
DA:354,32
DA:355,32
DA:355,32
DA:355,32
DA:356,32
DA:356,32
DA:356,32
DA:356,32
FN:361,RMM.totalValue
FNDA:1,RMM.totalValue
DA:362,1
DA:362,1
DA:362,1
DA:362,1
FN:367,RMM.approxSpotPrice
FNDA:3,RMM.approxSpotPrice
DA:368,4
DA:368,4
DA:368,4
FN:376,RMM.computeSpotPrice
FNDA:0,RMM.computeSpotPrice
DA:381,4
DA:381,4
BRDA:381,21,0,-
BRDA:381,21,1,4
DA:381,0
DA:382,4
DA:382,4
BRDA:382,22,0,-
BRDA:382,22,1,4
DA:382,0
DA:384,4
DA:384,4
DA:384,4
DA:386,4
DA:386,4
DA:386,4
DA:388,4
DA:388,4
DA:388,4
DA:390,4
DA:390,4
DA:390,4
DA:392,4
DA:392,4
DA:392,4
FN:395,RMM.computeLnSDivK
FNDA:0,RMM.computeLnSDivK
DA:396,0
DA:396,0
DA:396,0
FN:400,RMM.computeWidthSqrtTau
FNDA:49,RMM.computeWidthSqrtTau
DA:401,49
DA:401,49
DA:401,49
DA:401,49
DA:402,49
DA:402,49
DA:402,49
FN:406,RMM.computeTauWadYears
FNDA:0,RMM.computeTauWadYears
DA:407,28
DA:407,28
DA:407,28
FN:411,RMM.computeY
FNDA:1,RMM.computeY
DA:416,3
DA:416,3
BRDA:416,23,0,-
BRDA:416,23,1,3
DA:416,0
DA:416,0
DA:416,0
DA:418,3
DA:418,3
DA:418,3
DA:419,3
DA:419,3
DA:419,3
DA:420,3
DA:420,3
DA:420,3
DA:422,3
DA:422,3
DA:422,3
DA:422,3
DA:422,3
DA:422,3
FN:426,RMM.computeX
FNDA:1,RMM.computeX
DA:431,2
DA:431,2
BRDA:431,24,0,-
BRDA:431,24,1,2
DA:431,0
DA:431,0
DA:433,2
DA:433,2
DA:433,2
DA:434,2
DA:434,2
DA:434,2
DA:435,2
DA:435,2
DA:435,2
DA:437,2
DA:437,2
DA:437,2
DA:437,2
FN:441,RMM.computeL
FNDA:0,RMM.computeL
DA:446,4
DA:446,4
DA:446,4
DA:447,4
DA:447,4
DA:447,4
DA:455,4
DA:455,4
DA:455,4
DA:455,4
DA:455,4
FN:458,RMM.computeLGivenX
FNDA:0,RMM.computeLGivenX
DA:466,0
DA:466,0
DA:466,0
DA:467,0
DA:467,0
DA:467,0
DA:468,0
DA:468,0
DA:468,0
DA:469,0
DA:469,0
DA:469,0
DA:469,0
DA:469,0
DA:470,0
DA:470,0
DA:470,0
DA:472,0
DA:472,0
DA:472,0
FN:476,RMM.findX
FNDA:14,RMM.findX
DA:477,14
DA:477,14
DA:478,14
DA:478,14
DA:480,14
DA:480,14
DA:480,14
DA:480,14
FN:484,RMM.findY
FNDA:2,RMM.findY
DA:485,2
DA:485,2
DA:486,2
DA:486,2
DA:488,2
DA:488,2
DA:488,2
DA:488,2
FN:492,RMM.findL
FNDA:4,RMM.findL
DA:493,4
DA:493,4
DA:494,4
DA:494,4
DA:496,4
DA:496,4
DA:496,4
DA:496,4
FN:500,RMM.solveX
FNDA:1,RMM.solveX
DA:506,1
DA:506,1
DA:506,1
DA:509,1
DA:509,1
DA:509,1
DA:510,1
DA:510,1
DA:511,1
DA:511,1
DA:511,1
DA:512,1
DA:512,1
DA:513,1
DA:513,1
BRDA:513,25,0,-
BRDA:513,25,1,-
DA:514,0
DA:514,0
DA:515,0
DA:515,0
DA:518,1
DA:518,1
DA:519,1
DA:519,1
DA:524,1
DA:524,1
DA:524,1
DA:527,1
DA:527,1
DA:527,1
BRDA:527,26,0,-
BRDA:527,26,1,1
DA:528,0
DA:528,0
DA:530,1
DA:530,1
FN:534,RMM.solveY
FNDA:1,RMM.solveY
DA:540,2
DA:540,2
DA:540,2
DA:543,2
DA:543,2
DA:543,2
DA:544,2
DA:544,2
DA:545,2
DA:545,2
DA:545,2
DA:546,2
DA:546,2
DA:547,2
DA:547,2
BRDA:547,27,0,2
BRDA:547,27,1,-
DA:548,2
DA:548,2
DA:551,0
DA:551,0
DA:554,2
DA:554,2
FN:568,RMM.solveL
FNDA:3,RMM.solveL
DA:579,4
DA:579,4
DA:579,4
DA:582,4
DA:582,4
DA:582,4
DA:583,4
DA:583,4
DA:584,4
DA:584,4
DA:584,4
DA:585,4
DA:585,4
BRDA:585,28,0,4
BRDA:585,28,1,-
DA:586,4
DA:586,4
DA:587,4
DA:587,4
DA:588,4
DA:588,4
DA:589,4
DA:589,4
DA:591,0
DA:591,0
DA:593,4
DA:593,4
FNF:31
FNH:19
LF:187
LH:110
BRF:58
BRH:18
end_of_record
TN:
SF:test/RMM.t.sol
FN:315,CallbackProvider.callback
FNDA:1,CallbackProvider.callback
DA:317,1
DA:317,1
DA:318,1
DA:318,1
FNF:1
FNH:1
LF:2
LH:2
BRF:0
BRH:0
end_of_record
